2024-04-08 21:05:49,398 [INFO] Activator:176 - 


2024-04-08 21:05:49,399 [INFO] Activator:177 - !SESSION log4j initialized
2024-04-08 21:05:51,179 [INFO] LogOutputStream:77 - [STDOUT_REDIRECT] 
2024-04-08 21:05:51,276 [ERROR] LogOutputStream:75 - [STDERR_REDIRECT] [Fatal Error] :1:1: Content is not allowed in prolog.
2024-04-08 21:05:51,277 [ERROR] LogOutputStream:75 - [STDERR_REDIRECT] 
2024-04-08 21:05:52,355 [ERROR] LogOutputStream:75 - [STDERR_REDIRECT] [Fatal Error] :1:1: Content is not allowed in prolog.
2024-04-08 21:05:52,356 [ERROR] LogOutputStream:75 - [STDERR_REDIRECT] 
2024-04-08 21:05:52,617 [INFO] ApplicationProperties:184 - Using Application install path: D:\STM32CubeIDE\STM32CubeIDE_1.13.2\STM32CubeIDE\plugins\com.st.stm32cube.common.mx_6.10.0.202311202037
2024-04-08 21:05:52,632 [INFO] DbMcusXml:78 - Set database path to: D:\STM32CubeIDE\STM32CubeIDE_1.13.2\STM32CubeIDE\plugins\com.st.stm32cube.common.mx_6.10.0.202311202037\\db\/mcu/
2024-04-08 21:05:52,632 [INFO] ApiDb:274 - Set plugin database path to: D:\STM32CubeIDE\STM32CubeIDE_1.13.2\STM32CubeIDE\plugins\com.st.stm32cube.common.mx_6.10.0.202311202037\\db\/plugins/boardmanager/
2024-04-08 21:05:52,632 [WARN] ApiDb:259 - Overriding images path with different value:  => D:\STM32CubeIDE\STM32CubeIDE_1.13.2\STM32CubeIDE\plugins\com.st.stm32cube.common.mx_6.10.0.202311202037\\db\/plugins/mcufinder/images/
2024-04-08 21:05:52,639 [INFO] ApiDb:250 - Set database path to: C:\Users\92148\.stmcufinder\plugins\mcufinder//mcu/
2024-04-08 21:05:52,640 [INFO] DbMcusAds:125 - Set database path to: C:\Users\92148\.stmcufinder\plugins\mcufinder//mcu/
2024-04-08 21:05:52,643 [INFO] CrossReferenceDbSqlite:203 - Set database path to: C:\Users\92148\.stmcufinder\plugins\mcufinder//mcu/cs/
2024-04-08 21:05:52,721 [INFO] RulesReader:64 - Compatibility file has been processed (297 Rules)
2024-04-08 21:05:52,783 [INFO] DbMcusXml:78 - Set database path to: D:\STM32CubeIDE\STM32CubeIDE_1.13.2\STM32CubeIDE\plugins\com.st.stm32cube.common.mx_6.10.0.202311202037\\db\/mcu/
2024-04-08 21:05:52,783 [INFO] ApiDb:274 - Set plugin database path to: D:\STM32CubeIDE\STM32CubeIDE_1.13.2\STM32CubeIDE\plugins\com.st.stm32cube.common.mx_6.10.0.202311202037\\db\/plugins/boardmanager/
2024-04-08 21:05:52,783 [INFO] ApiDb:261 - Set plugin images path to: D:\STM32CubeIDE\STM32CubeIDE_1.13.2\STM32CubeIDE\plugins\com.st.stm32cube.common.mx_6.10.0.202311202037\\db\/plugins/mcufinder/images/
2024-04-08 21:05:52,783 [WARN] DbFile:41 - Overriding database path with different value: C:\Users\92148\.stmcufinder\plugins\mcufinder/ => C:\Users\92148\.stmcufinder\plugins\mcufinder
2024-04-08 21:05:52,783 [INFO] ApiDb:250 - Set database path to: C:\Users\92148\.stmcufinder\plugins\mcufinder//mcu/
2024-04-08 21:05:52,783 [WARN] DbFile:41 - Overriding database path with different value: C:\Users\92148\.stmcufinder\plugins\mcufinder/ => C:\Users\92148\.stmcufinder\plugins\mcufinder
2024-04-08 21:05:52,783 [INFO] DbMcusAds:125 - Set database path to: C:\Users\92148\.stmcufinder\plugins\mcufinder//mcu/
2024-04-08 21:05:52,783 [WARN] DbFile:41 - Overriding database path with different value: C:\Users\92148\.stmcufinder\plugins\mcufinder/ => C:\Users\92148\.stmcufinder\plugins\mcufinder
2024-04-08 21:05:52,783 [WARN] DbFile:41 - Overriding database path with different value: C:\Users\92148\.stmcufinder\plugins\mcufinder/ => C:\Users\92148\.stmcufinder\plugins\mcufinder
2024-04-08 21:05:52,784 [INFO] CrossReferenceDbSqlite:203 - Set database path to: C:\Users\92148\.stmcufinder\plugins\mcufinder//mcu/cs/
2024-04-08 21:05:52,838 [INFO] MainPanel:264 - HeapMemory: 268435456
2024-04-08 21:05:52,901 [INFO] DbMcusXml:78 - Set database path to: D:\STM32CubeIDE\STM32CubeIDE_1.13.2\STM32CubeIDE\plugins\com.st.stm32cube.common.mx_6.10.0.202311202037\\db\/mcu/
2024-04-08 21:05:52,902 [INFO] ApiDb:274 - Set plugin database path to: D:\STM32CubeIDE\STM32CubeIDE_1.13.2\STM32CubeIDE\plugins\com.st.stm32cube.common.mx_6.10.0.202311202037\\db\/plugins/boardmanager/
2024-04-08 21:05:52,902 [INFO] ApiDb:261 - Set plugin images path to: D:\STM32CubeIDE\STM32CubeIDE_1.13.2\STM32CubeIDE\plugins\com.st.stm32cube.common.mx_6.10.0.202311202037\\db\/plugins/mcufinder/images/
2024-04-08 21:05:52,902 [WARN] DbFile:41 - Overriding database path with different value: C:\Users\92148\.stmcufinder\plugins\mcufinder/ => C:\Users\92148\.stmcufinder\plugins\mcufinder
2024-04-08 21:05:52,902 [INFO] ApiDb:250 - Set database path to: C:\Users\92148\.stmcufinder\plugins\mcufinder//mcu/
2024-04-08 21:05:52,902 [WARN] DbFile:41 - Overriding database path with different value: C:\Users\92148\.stmcufinder\plugins\mcufinder/ => C:\Users\92148\.stmcufinder\plugins\mcufinder
2024-04-08 21:05:52,902 [INFO] DbMcusAds:125 - Set database path to: C:\Users\92148\.stmcufinder\plugins\mcufinder//mcu/
2024-04-08 21:05:52,902 [WARN] DbFile:41 - Overriding database path with different value: C:\Users\92148\.stmcufinder\plugins\mcufinder/ => C:\Users\92148\.stmcufinder\plugins\mcufinder
2024-04-08 21:05:52,902 [WARN] DbFile:41 - Overriding database path with different value: C:\Users\92148\.stmcufinder\plugins\mcufinder/ => C:\Users\92148\.stmcufinder\plugins\mcufinder
2024-04-08 21:05:52,903 [INFO] CrossReferenceDbSqlite:203 - Set database path to: C:\Users\92148\.stmcufinder\plugins\mcufinder//mcu/cs/
2024-04-08 21:05:52,915 [INFO] ApplicationProperties:184 - Using Application install path: D:\STM32CubeIDE\STM32CubeIDE_1.13.2\STM32CubeIDE\plugins\com.st.stm32cube.common.mx_6.10.0.202311202037
2024-04-08 21:05:52,916 [INFO] PluginManage:196 - Search for loadable plugins [exclusion list=, ]
2024-04-08 21:05:52,917 [INFO] PluginManage:310 - Check plugin analytics
2024-04-08 21:05:53,027 [INFO] AnalyticsPlugin:253 - Accepted Software Licenses: 
2024-04-08 21:05:53,027 [INFO] AnalyticsPlugin:255 - Accepted CMSIS Pack Licenses: 
2024-04-08 21:05:53,027 [INFO] AnalyticsPlugin:257 - Accepted Firmware Licenses: FW.F4.1.27.0,FW.G4.1.5.0,FW.F4.1.28.0
2024-04-08 21:05:53,030 [INFO] PluginManage:359 - Loaded plugin analytics (category:tool,tabindex:-1)
2024-04-08 21:05:53,030 [INFO] PluginManage:310 - Check plugin cadmodel
2024-04-08 21:05:53,035 [INFO] CADModel:105 - Init CAD model plugin
2024-04-08 21:05:53,036 [INFO] PluginManage:359 - Loaded plugin cadmodel (category:power,tabindex:5)
2024-04-08 21:05:53,036 [INFO] PluginManage:310 - Check plugin clock
2024-04-08 21:05:53,043 [INFO] PluginManage:359 - Loaded plugin clock (category:base,tabindex:2)
2024-04-08 21:05:53,043 [INFO] PluginManage:310 - Check plugin ddr
2024-04-08 21:05:53,045 [INFO] PluginManage:359 - Loaded plugin ddr (category:tool,tabindex:6)
2024-04-08 21:05:53,045 [INFO] PluginManage:310 - Check plugin filemanager
2024-04-08 21:05:53,148 [INFO] PluginManage:359 - Loaded plugin filemanager (category:base,tabindex:10)
2024-04-08 21:05:53,148 [INFO] PluginManage:310 - Check plugin ipmanager
2024-04-08 21:05:53,154 [INFO] PluginManage:359 - Loaded plugin ipmanager (category:base,tabindex:5)
2024-04-08 21:05:53,154 [INFO] PluginManage:310 - Check plugin lpbam
2024-04-08 21:05:53,160 [INFO] PluginManage:359 - Loaded plugin lpbam (category:base,tabindex:0)
2024-04-08 21:05:53,160 [INFO] PluginManage:310 - Check plugin memorymap
2024-04-08 21:05:53,172 [INFO] PluginManage:359 - Loaded plugin memorymap (category:base,tabindex:4)
2024-04-08 21:05:53,172 [INFO] PluginManage:310 - Check plugin pinoutandconfiguration
2024-04-08 21:05:53,186 [INFO] PluginManage:359 - Loaded plugin pinoutandconfiguration (category:base,tabindex:1)
2024-04-08 21:05:53,186 [INFO] PluginManage:310 - Check plugin pinoutconfig
2024-04-08 21:05:53,292 [WARN] SupportedApi:132 - Cannot load RTOS API schema: s4s-elt-must-match.1: The content of 'definitions' must match (annotation?, (simpleType | complexType)?, (unique | key | keyref)*)). A problem was found starting at: attribute.
2024-04-08 21:05:53,392 [ERROR] LogOutputStream:75 - [STDERR_REDIRECT] [Fatal Error] :1:1: Content is not allowed in prolog.
2024-04-08 21:05:53,392 [ERROR] LogOutputStream:75 - [STDERR_REDIRECT] 
2024-04-08 21:05:53,412 [INFO] PluginManage:359 - Loaded plugin pinoutconfig (category:base,tabindex:0)
2024-04-08 21:05:53,412 [INFO] PluginManage:310 - Check plugin power
2024-04-08 21:05:53,421 [INFO] PluginManage:359 - Loaded plugin power (category:power,tabindex:4)
2024-04-08 21:05:53,421 [INFO] PluginManage:310 - Check plugin projectmanager
2024-04-08 21:05:53,434 [INFO] PluginManage:359 - Loaded plugin projectmanager (category:projectmanager,tabindex:3)
2024-04-08 21:05:53,434 [INFO] PluginManage:310 - Check plugin thirdparty
2024-04-08 21:05:53,530 [INFO] PluginManage:359 - Loaded plugin thirdparty (category:base,tabindex:-1)
2024-04-08 21:05:53,530 [WARN] IntegrityCheckThread:84 - waiting for thirdparty lock release [integrity check]
2024-04-08 21:05:53,530 [INFO] PluginManage:310 - Check plugin tools
2024-04-08 21:05:53,530 [INFO] IntegrityCheckThread:86 - entering critical section [integrity check]
2024-04-08 21:05:53,530 [INFO] ThirdPartyUpdaterWithRetryManager:70 - Updater plugin not ready yet. [1/15]
2024-04-08 21:05:53,531 [INFO] PluginManage:359 - Loaded plugin tools (category:base,tabindex:7)
2024-04-08 21:05:53,532 [INFO] PluginManage:310 - Check plugin tutovideos
2024-04-08 21:05:53,645 [INFO] PluginManage:359 - Loaded plugin tutovideos (category:base,tabindex:-1)
2024-04-08 21:05:53,645 [INFO] PluginManage:310 - Check plugin updater
2024-04-08 21:05:53,653 [INFO] PluginManage:359 - Loaded plugin updater (category:base,tabindex:12)
2024-04-08 21:05:53,653 [INFO] PluginManage:310 - Check plugin userauth
2024-04-08 21:05:53,657 [INFO] UserAuth:114 - Init User Auth plugin
2024-04-08 21:05:53,657 [INFO] PluginManage:359 - Loaded plugin userauth (category:base,tabindex:14)
2024-04-08 21:05:53,657 [INFO] PluginManage:283 - PluginManage : Loaded plugins [17]
2024-04-08 21:05:53,804 [INFO] PinOutPanel:1499 - setPackage(No Configuration,No Configuration)
2024-04-08 21:05:53,855 [INFO] CADModel:165 - CPN selected for project level
2024-04-08 21:05:53,855 [INFO] CADModel:114 - Register for checkConnection events
2024-04-08 21:05:53,868 [INFO] IPUIPlugin:80 - create IPUIPlugin
2024-04-08 21:05:53,868 [INFO] PluginManager:220 - loadIPPluginJar : add adc
2024-04-08 21:05:53,870 [INFO] IPUIPlugin:80 - create IPUIPlugin
2024-04-08 21:05:53,870 [INFO] PluginManager:220 - loadIPPluginJar : add aes
2024-04-08 21:05:53,872 [INFO] IPUIPlugin:80 - create IPUIPlugin
2024-04-08 21:05:53,872 [INFO] PluginManager:220 - loadIPPluginJar : add can
2024-04-08 21:05:53,874 [INFO] IPUIPlugin:80 - create IPUIPlugin
2024-04-08 21:05:53,874 [INFO] PluginManager:220 - loadIPPluginJar : add comp
2024-04-08 21:05:53,876 [INFO] IPUIPlugin:80 - create IPUIPlugin
2024-04-08 21:05:53,876 [INFO] PluginManager:220 - loadIPPluginJar : add cryp
2024-04-08 21:05:53,877 [INFO] IPUIPlugin:80 - create IPUIPlugin
2024-04-08 21:05:53,877 [INFO] PluginManager:220 - loadIPPluginJar : add dfsdm
2024-04-08 21:05:53,882 [INFO] IPUIPlugin:80 - create IPUIPlugin
2024-04-08 21:05:53,882 [INFO] PluginManager:220 - loadIPPluginJar : add dma
2024-04-08 21:05:53,884 [INFO] IPUIPlugin:80 - create IPUIPlugin
2024-04-08 21:05:53,884 [INFO] PluginManager:220 - loadIPPluginJar : add dma3
2024-04-08 21:05:53,885 [INFO] IPUIPlugin:80 - create IPUIPlugin
2024-04-08 21:05:53,885 [INFO] PluginManager:220 - loadIPPluginJar : add fatfs
2024-04-08 21:05:53,888 [INFO] IPUIPlugin:80 - create IPUIPlugin
2024-04-08 21:05:53,888 [INFO] PluginManager:220 - loadIPPluginJar : add fmc
2024-04-08 21:05:53,892 [INFO] IPUIPlugin:80 - create IPUIPlugin
2024-04-08 21:05:53,892 [INFO] PluginManager:220 - loadIPPluginJar : add freertos
2024-04-08 21:05:53,893 [INFO] IPUIPlugin:80 - create IPUIPlugin
2024-04-08 21:05:53,893 [INFO] PluginManager:220 - loadIPPluginJar : add genericplugin
2024-04-08 21:05:53,895 [INFO] IPUIPlugin:80 - create IPUIPlugin
2024-04-08 21:05:53,895 [INFO] PluginManager:220 - loadIPPluginJar : add gfxmmu
2024-04-08 21:05:53,899 [INFO] IPUIPlugin:80 - create IPUIPlugin
2024-04-08 21:05:53,899 [INFO] PluginManager:220 - loadIPPluginJar : add gic
2024-04-08 21:05:53,901 [INFO] IPUIPlugin:80 - create IPUIPlugin
2024-04-08 21:05:53,901 [INFO] PluginManager:220 - loadIPPluginJar : add gpio
2024-04-08 21:05:53,904 [INFO] IPUIPlugin:80 - create IPUIPlugin
2024-04-08 21:05:53,904 [INFO] PluginManager:220 - loadIPPluginJar : add gtzc
2024-04-08 21:05:53,905 [INFO] IPUIPlugin:80 - create IPUIPlugin
2024-04-08 21:05:53,905 [INFO] PluginManager:220 - loadIPPluginJar : add hash
2024-04-08 21:05:53,907 [INFO] IPUIPlugin:80 - create IPUIPlugin
2024-04-08 21:05:53,907 [INFO] PluginManager:220 - loadIPPluginJar : add i2c
2024-04-08 21:05:53,908 [INFO] IPUIPlugin:80 - create IPUIPlugin
2024-04-08 21:05:53,909 [INFO] PluginManager:220 - loadIPPluginJar : add i2s
2024-04-08 21:05:53,911 [INFO] IPUIPlugin:80 - create IPUIPlugin
2024-04-08 21:05:53,911 [INFO] PluginManager:220 - loadIPPluginJar : add i3c
2024-04-08 21:05:53,913 [INFO] IPUIPlugin:80 - create IPUIPlugin
2024-04-08 21:05:53,913 [INFO] PluginManager:220 - loadIPPluginJar : add ipddr
2024-04-08 21:05:53,918 [INFO] IPUIPlugin:80 - create IPUIPlugin
2024-04-08 21:05:53,918 [INFO] PluginManager:220 - loadIPPluginJar : add linkedlist
2024-04-08 21:05:53,920 [INFO] IPUIPlugin:80 - create IPUIPlugin
2024-04-08 21:05:53,920 [INFO] PluginManager:220 - loadIPPluginJar : add lorawan
2024-04-08 21:05:53,922 [INFO] IPUIPlugin:80 - create IPUIPlugin
2024-04-08 21:05:53,922 [INFO] PluginManager:220 - loadIPPluginJar : add ltdc
2024-04-08 21:05:53,925 [INFO] IPUIPlugin:80 - create IPUIPlugin
2024-04-08 21:05:53,926 [INFO] PluginManager:220 - loadIPPluginJar : add mdma
2024-04-08 21:05:53,928 [INFO] IPUIPlugin:80 - create IPUIPlugin
2024-04-08 21:05:53,929 [INFO] PluginManager:220 - loadIPPluginJar : add nvic
2024-04-08 21:05:53,930 [INFO] IPUIPlugin:80 - create IPUIPlugin
2024-04-08 21:05:53,930 [INFO] PluginManager:220 - loadIPPluginJar : add opamp
2024-04-08 21:05:53,933 [INFO] IPUIPlugin:80 - create IPUIPlugin
2024-04-08 21:05:53,933 [INFO] PluginManager:220 - loadIPPluginJar : add openamp
2024-04-08 21:05:53,935 [INFO] IPUIPlugin:80 - create IPUIPlugin
2024-04-08 21:05:53,935 [INFO] PluginManager:220 - loadIPPluginJar : add pdm2pcm
2024-04-08 21:05:53,938 [INFO] IPUIPlugin:80 - create IPUIPlugin
2024-04-08 21:05:53,941 [INFO] PluginManager:220 - loadIPPluginJar : add plateformsettings
2024-04-08 21:05:53,942 [INFO] IPUIPlugin:80 - create IPUIPlugin
2024-04-08 21:05:53,942 [INFO] PluginManager:220 - loadIPPluginJar : add quadspi
2024-04-08 21:05:53,945 [INFO] IPUIPlugin:80 - create IPUIPlugin
2024-04-08 21:05:53,945 [INFO] PluginManager:220 - loadIPPluginJar : add resmgrutility
2024-04-08 21:05:53,948 [INFO] IPUIPlugin:80 - create IPUIPlugin
2024-04-08 21:05:53,948 [INFO] PluginManager:220 - loadIPPluginJar : add sai
2024-04-08 21:05:53,950 [INFO] IPUIPlugin:80 - create IPUIPlugin
2024-04-08 21:05:53,950 [INFO] PluginManager:220 - loadIPPluginJar : add spi
2024-04-08 21:05:53,953 [INFO] IPUIPlugin:80 - create IPUIPlugin
2024-04-08 21:05:53,953 [INFO] PluginManager:220 - loadIPPluginJar : add stm32_wpan
2024-04-08 21:05:53,954 [INFO] IPUIPlugin:80 - create IPUIPlugin
2024-04-08 21:05:53,954 [INFO] PluginManager:220 - loadIPPluginJar : add tim
2024-04-08 21:05:53,956 [INFO] IPUIPlugin:80 - create IPUIPlugin
2024-04-08 21:05:53,956 [INFO] PluginManager:220 - loadIPPluginJar : add touchsensing
2024-04-08 21:05:53,958 [INFO] IPUIPlugin:80 - create IPUIPlugin
2024-04-08 21:05:53,959 [INFO] PluginManager:220 - loadIPPluginJar : add tracer_emb
2024-04-08 21:05:53,960 [INFO] IPUIPlugin:80 - create IPUIPlugin
2024-04-08 21:05:53,960 [INFO] PluginManager:220 - loadIPPluginJar : add ts
2024-04-08 21:05:53,961 [INFO] IPUIPlugin:80 - create IPUIPlugin
2024-04-08 21:05:53,961 [INFO] PluginManager:220 - loadIPPluginJar : add tsc
2024-04-08 21:05:53,962 [INFO] IPUIPlugin:80 - create IPUIPlugin
2024-04-08 21:05:53,962 [INFO] PluginManager:220 - loadIPPluginJar : add ucpd
2024-04-08 21:05:53,964 [INFO] IPUIPlugin:80 - create IPUIPlugin
2024-04-08 21:05:53,964 [INFO] PluginManager:220 - loadIPPluginJar : add usart
2024-04-08 21:05:53,966 [INFO] IPUIPlugin:80 - create IPUIPlugin
2024-04-08 21:05:53,966 [INFO] PluginManager:220 - loadIPPluginJar : add usbx
2024-04-08 21:05:54,081 [INFO] CADModel:165 - CPN selected for project level
2024-04-08 21:05:54,081 [INFO] CADModel:114 - Register for checkConnection events
2024-04-08 21:05:54,081 [FATAL] Updater:308 - Updater called before beeing initialized
2024-04-08 21:05:54,081 [ERROR] CADModel:125 - Updater not yet initialized, retry later 
2024-04-08 21:05:54,172 [INFO] CADModel:165 - CPN selected for project level
2024-04-08 21:05:54,173 [INFO] CADModel:114 - Register for checkConnection events
2024-04-08 21:05:54,173 [FATAL] Updater:308 - Updater called before beeing initialized
2024-04-08 21:05:54,173 [ERROR] CADModel:125 - Updater not yet initialized, retry later 
2024-04-08 21:05:54,175 [FATAL] Updater:308 - Updater called before beeing initialized
2024-04-08 21:05:54,255 [FATAL] Updater:308 - Updater called before beeing initialized
2024-04-08 21:05:54,257 [INFO] DbMcusAds:53 - JSON generation date=Wed Nov 29 18:52:27 CST 2023 (1701255147349)
2024-04-08 21:05:54,257 [FATAL] Updater:308 - Updater called before beeing initialized
2024-04-08 21:05:54,283 [WARN] DetailPanel:346 - Failed to get advertising image, set to default
2024-04-08 21:05:54,344 [FATAL] Updater:308 - Updater called before beeing initialized
2024-04-08 21:05:54,346 [FATAL] Updater:308 - Updater called before beeing initialized
2024-04-08 21:05:54,346 [FATAL] Updater:308 - Updater called before beeing initialized
2024-04-08 21:05:54,346 [WARN] DetailPanel:346 - Failed to get advertising image, set to default
2024-04-08 21:05:54,346 [FATAL] Updater:308 - Updater called before beeing initialized
2024-04-08 21:05:54,375 [ERROR] LogOutputStream:75 - [STDERR_REDIRECT] [Fatal Error] :1:1: Content is not allowed in prolog.
2024-04-08 21:05:54,375 [ERROR] LogOutputStream:75 - [STDERR_REDIRECT] 
2024-04-08 21:05:54,378 [ERROR] Updater:1120 - MainUpdater not yet initialized. External WinMGr cannot be set.
2024-04-08 21:05:54,380 [INFO] Updater:1056 - Updater Version found : 6.10.0
2024-04-08 21:05:54,394 [INFO] ApplicationProperties:184 - Using Application install path: D:\STM32CubeIDE\STM32CubeIDE_1.13.2\STM32CubeIDE\plugins\com.st.stm32cube.common.mx_6.10.0.202311202037
